<testsuites id="" name="" tests="1" failures="0" skipped="0" errors="0" time="5.587637">
<testsuite name="foundation/app-initialization.spec.ts" timestamp="2025-11-18T08:31:21.353Z" hostname="foundation-tests" tests="1" failures="0" skipped="0" time="3.547" errors="0">
<testcase name="Foundation: App Initialization › should display intro screen with start button" classname="foundation/app-initialization.spec.ts" time="3.547">
<system-out>
<![CDATA[🎮 GAME LOGIC: 🎮 NameBlameModule.init() called with provider: null
🎮 GAME LOGIC: 🎮 Created filtered question provider with 40 questions
🎮 GAME LOGIC: 🎮 Set window.gameQuestions to 1029 questions
🎮 GAME LOGIC: 🎮 Set window.gameCategories to 33 categories
🎮 GAME LOGIC: 🎮 Entering intro phase - resetting provider state
🎮 GAME LOGIC: 🎮 Entering intro phase - resetting provider state
⚡ PERFORMANCE: loadTime = 821ms
🎯 USER ACTION: Game title visible
🎯 USER ACTION: Start button visible
🎯 USER ACTION: Settings button visible
📸 SCREENSHOT: app-initialization-intro-screen-intro-screen-1763454685045.png
📊 TEST REPORT: app-initialization-intro-screen
   Duration: 3000ms
   User Actions: 3
   State Changes: 0
   Errors: 0
   Screenshots: 1
   Avg Interaction Time: 0ms
]]>
</system-out>
</testcase>
</testsuite>
</testsuites>